
[2K[1G[1myarn run v1.22.22[22m
[2K[1G[2m$ next build[22m
  [1m[38;2;173;127;168m▲ Next.js 14.2.24[39m[22m
  - Environments: .env.local

 [37m[1m [22m[39m Creating an optimized production build ...
 [32m[1m✓[22m[39m Compiled successfully
[?25l [37m[1m [22m[39m Linting and checking validity of types  [36m.[39m[2K[1G [37m[1m [22m[39m Linting and checking validity of types  [36m..[39m[2K[1G [37m[1m [22m[39m Linting and checking validity of types  [36m...[39m[2K[1G [37m[1m [22m[39m Linting and checking validity of types  [36m.[39m[2K[1G [37m[1m [22m[39m Linting and checking validity of types  [36m..[39m[2K[1G [37m[1m [22m[39m Linting and checking validity of types  [36m...[39m[2K[1G [37m[1m [22m[39m Linting and checking validity of types  [36m.[39m[2K[1G [37m[1m [22m[39m Linting and checking validity of types  [36m..[39m[2K[1G [37m[1m [22m[39m Linting and checking validity of types  [36m...[39m[2K[1G [37m[1m [22m[39m Linting and checking validity of types  [36m.[39m[2K[1G [37m[1m [22m[39m Linting and checking validity of types  [36m..[39m[2K[1G [37m[1m [22m[39m Linting and checking validity of types  [36m...[39m[2K[1G [37m[1m [22m[39m Linting and checking validity of types  [36m.[39m[2K[1G [37m[1m [22m[39m Linting and checking validity of types  [36m..[39m[2K[1G [37m[1m [22m[39m Linting and checking validity of types  [36m...[39m[2K[1G [37m[1m [22m[39m Linting and checking validity of types  [36m.[39m[2K[1G [37m[1m [22m[39m Linting and checking validity of types  [36m..[39m[2K[1G [37m[1m [22m[39m Linting and checking validity of types  [36m...[39m[2K[1G [37m[1m [22m[39m Linting and checking validity of types  [36m.[39m[2K[1G [37m[1m [22m[39m Linting and checking validity of types  [36m..[39m[2K[1G [37m[1m [22m[39m Linting and checking validity of types  [36m...[39m[2K[1G [37m[1m [22m[39m Linting and checking validity of types  [36m.[39m[2K[1G [37m[1m [22m[39m Linting and checking validity of types  [36m..[39m[2K[1G [37m[1m [22m[39m Linting and checking validity of types  [36m...[39m[2K[1G [37m[1m [22m[39m Linting and checking validity of types  [36m.[39m[2K[1G[?25h [37m[1m [22m[39m Linting and checking validity of types     [32m[1m✓[22m[39m Linting and checking validity of types 
[?25l [37m[1m [22m[39m Collecting page data  [36m.[39m[2K[1G [37m[1m [22m[39m Collecting page data  [36m..[39m[2K[1G [37m[1m [22m[39m Collecting page data  [36m...[39m[2K[1G [37m[1m [22m[39m Collecting page data  [36m.[39m[2K[1G [37m[1m [22m[39m Collecting page data  [36m..[39m[2K[1G [37m[1m [22m[39m Collecting page data  [36m...[39m[2K[1G[?25h [37m[1m [22m[39m Collecting page data     [32m[1m✓[22m[39m Collecting page data 
[?25l [37m[1m [22m[39m Generating static pages (0/21)  [36m[    ][39m[2K[1G [37m[1m [22m[39m Generating static pages (0/21)  [36m[=   ][39m[2K[1G [37m[1m [22m[39m Generating static pages (15/21)  [36m[==  ][39m[2K[1G [37m[1m [22m[39m Generating static pages (15/21)  [36m[=== ][39m[2K[1G [37m[1m [22m[39m Generating static pages (18/21)  [36m[ ===][39m[2K[1G [37m[1m [22m[39m Generating static pages (18/21)  [36m[  ==][39m[2K[1G[?25h [32m[1m✓[22m[39m Generating static pages (21/21)
[?25l [37m[1m [22m[39m Finalizing page optimization  [36m.[39m[?25l [37m[1m [22m[39m Collecting build traces  [36m.[39m[2K[1G [37m[1m [22m[39m Finalizing page optimization  [36m..[39m[2K[1G [37m[1m [22m[39m Collecting build traces  [36m..[39m[2K[1G [37m[1m [22m[39m Finalizing page optimization  [36m...[39m[2K[1G [37m[1m [22m[39m Collecting build traces  [36m...[39m[2K[1G [37m[1m [22m[39m Finalizing page optimization  [36m.[39m[2K[1G [37m[1m [22m[39m Collecting build traces  [36m.[39m[2K[1G [37m[1m [22m[39m Finalizing page optimization  [36m..[39m[2K[1G [37m[1m [22m[39m Collecting build traces  [36m..[39m[2K[1G [37m[1m [22m[39m Finalizing page optimization  [36m...[39m[2K[1G [37m[1m [22m[39m Collecting build traces  [36m...[39m[2K[1G [37m[1m [22m[39m Finalizing page optimization  [36m.[39m[2K[1G [37m[1m [22m[39m Collecting build traces  [36m.[39m[2K[1G [37m[1m [22m[39m Finalizing page optimization  [36m..[39m[2K[1G [37m[1m [22m[39m Collecting build traces  [36m..[39m[2K[1G [37m[1m [22m[39m Finalizing page optimization  [36m...[39m[2K[1G [37m[1m [22m[39m Collecting build traces  [36m...[39m[2K[1G [37m[1m [22m[39m Finalizing page optimization  [36m.[39m[2K[1G [37m[1m [22m[39m Collecting build traces  [36m.[39m[2K[1G [37m[1m [22m[39m Finalizing page optimization  [36m..[39m[2K[1G [37m[1m [22m[39m Collecting build traces  [36m..[39m[2K[1G [37m[1m [22m[39m Finalizing page optimization  [36m...[39m[2K[1G [37m[1m [22m[39m Collecting build traces  [36m...[39m[2K[1G [37m[1m [22m[39m Finalizing page optimization  [36m.[39m[2K[1G [37m[1m [22m[39m Collecting build traces  [36m.[39m[2K[1G [37m[1m [22m[39m Finalizing page optimization  [36m..[39m[2K[1G [37m[1m [22m[39m Collecting build traces  [36m..[39m[2K[1G [37m[1m [22m[39m Finalizing page optimization  [36m...[39m[2K[1G [37m[1m [22m[39m Collecting build traces  [36m...[39m[2K[1G [37m[1m [22m[39m Finalizing page optimization  [36m.[39m[2K[1G [37m[1m [22m[39m Collecting build traces  [36m.[39m[2K[1G [37m[1m [22m[39m Finalizing page optimization  [36m..[39m[2K[1G [37m[1m [22m[39m Collecting build traces  [36m..[39m[2K[1G [37m[1m [22m[39m Finalizing page optimization  [36m...[39m[2K[1G [37m[1m [22m[39m Collecting build traces  [36m...[39m[2K[1G [37m[1m [22m[39m Finalizing page optimization  [36m.[39m[2K[1G [37m[1m [22m[39m Collecting build traces  [36m.[39m[2K[1G [37m[1m [22m[39m Finalizing page optimization  [36m..[39m[2K[1G [37m[1m [22m[39m Collecting build traces  [36m..[39m[2K[1G [37m[1m [22m[39m Finalizing page optimization  [36m...[39m[2K[1G [37m[1m [22m[39m Collecting build traces  [36m...[39m[2K[1G [37m[1m [22m[39m Finalizing page optimization  [36m.[39m[2K[1G [37m[1m [22m[39m Collecting build traces  [36m.[39m[2K[1G[?25h [37m[1m [22m[39m Collecting build traces     [32m[1m✓[22m[39m Collecting build traces 
[2K[1G[?25h [37m[1m [22m[39m Finalizing page optimization     [32m[1m✓[22m[39m Finalizing page optimization 

[4mRoute (app)[24m                                 [4mSize[24m     [4mFirst Load JS[24m
┌ ○ /                                       7.89 kB         [37m[1m143 kB[22m[39m
├ ○ /_not-found                             138 B          [37m[1m87.3 kB[22m[39m
├ ○ /about-us                               1.69 kB         [37m[1m140 kB[22m[39m
├ ƒ /blog                                   964 B           [37m[1m146 kB[22m[39m
├ ● /blog/[slug]                            1.98 kB         [37m[1m147 kB[22m[39m
├   └ /blog/ultimate-cake-decorating-guide
├ ○ /browse-menu                            1.79 kB         [37m[1m147 kB[22m[39m
├ ○ /browse-menu/ice-cream-cake             1.57 kB         [37m[1m101 kB[22m[39m
├ ○ /browse-menu/milky-drinks               1.57 kB         [37m[1m101 kB[22m[39m
├ ○ /checkout                               4 kB            [37m[1m139 kB[22m[39m
├ ○ /help/cake-care                         1.9 kB          [37m[1m140 kB[22m[39m
├ ○ /help/contact                           2.72 kB         [37m[1m143 kB[22m[39m
├ ○ /help/FAQ                               2.11 kB         [37m[1m142 kB[22m[39m
├ ○ /help/privacy-policy                    1.19 kB         [37m[1m134 kB[22m[39m
├ ○ /help/refund-policy                     1.19 kB         [37m[1m134 kB[22m[39m
├ ○ /help/terms-of-services                 1.19 kB         [37m[1m134 kB[22m[39m
├ ○ /location                               56.2 kB         [37m[1m143 kB[22m[39m
├ ○ /login                                  2.25 kB         [37m[1m138 kB[22m[39m
├ ○ /order                                  4.98 kB         [37m[1m145 kB[22m[39m
├ ○ /sitemap.xml                            0 B                [37m[1m0 B[22m[39m
└ ○ /thank-you                              2.12 kB         [37m[1m144 kB[22m[39m
+ First Load JS shared by all               [37m[1m87.1 kB[22m[39m
  ├ chunks/117-adbc6e25ce982ce2.js          31.6 kB
  ├ chunks/fd9d1056-a7129889b45a2c4a.js     53.6 kB
  └ other shared chunks (total)             1.9 kB

[4mRoute (pages)[24m                               [4mSize[24m     [4mFirst Load JS[24m
─   /_app                                   0 B            [37m[1m79.1 kB[22m[39m
+ First Load JS shared by all               [37m[1m79.1 kB[22m[39m
  ├ chunks/framework-846ed4f84a7bdf08.js    44.9 kB
  ├ chunks/main-2563297825ea695c.js         32.3 kB
  └ other shared chunks (total)             1.97 kB

○  (Static)   prerendered as static content
●  (SSG)      prerendered as static HTML (uses [36mgetStaticProps[39m)
ƒ  (Dynamic)  server-rendered on demand

[?25h[2K[1GDone in 20.48s.
